2025-03-11T15:04:40.132Z - log: [Package] menu@1.0.0 enable
2025-03-11T15:04:40.137Z - log: [Package] profile@1.0.0 enable
2025-03-11T15:04:40.150Z - log: [Package] project@1.0.2 enable
2025-03-11T15:04:40.156Z - log: [Package] messages@1.0.0 enable
2025-03-11T15:04:40.160Z - log: [Package] program@1.0.0 enable
2025-03-11T15:04:40.169Z - log: [Package] tester@1.0.0 enable
2025-03-11T15:04:40.176Z - log: [Package] preferences@1.0.0 enable
2025-03-11T15:04:43.969Z - log: Load engine in C:\ProgramData\cocos\editors\Creator\3.6.3\resources\resources\3d\engine
2025-03-11T15:04:44.585Z - log: Register native engine in C:\ProgramData\cocos\editors\Creator\3.6.3\resources\resources\3d\engine\native
2025-03-11T15:04:44.588Z - log: [Package] engine@1.0.7 enable
2025-03-11T15:04:45.957Z - log: [Package] programming@1.0.0 enable
2025-03-11T15:04:46.059Z - warn: 
2025-03-11T15:04:46.109Z - warn: 
2025-03-11T15:04:46.368Z - log: [Package] device@1.0.1 enable
2025-03-11T15:04:46.400Z - log: [Package] ui-kit@1.0.1 enable
2025-03-11T15:04:46.423Z - log: [Package] engine-extends@1.0.0 enable
2025-03-11T15:04:46.519Z - log: [Package] asset-db@1.0.0 enable
2025-03-11T15:04:46.521Z - warn: 
2025-03-11T15:04:46.572Z - log: [Package] scene@1.0.0 enable
2025-03-11T15:04:46.879Z - log: [Package] server@1.0.0 enable
2025-03-11T15:04:46.940Z - log: [Package] utils@1.0.0 enable
2025-03-11T15:05:01.416Z - warn: 
2025-03-11T15:05:01.417Z - warn: 
2025-03-11T15:05:01.417Z - warn: 
2025-03-11T15:05:01.496Z - warn: 
2025-03-11T15:05:01.497Z - warn: 
2025-03-11T15:05:01.497Z - warn: 
2025-03-11T15:05:05.145Z - warn: 
2025-03-11T15:05:05.275Z - log: [Package] preview@1.0.1 enable
2025-03-11T15:05:05.331Z - log: [Package] animator@1.0.0 enable
2025-03-11T15:05:05.397Z - log: pluginManager init: 0.216ms
2025-03-11T15:05:08.173Z - log: [Package] builder@1.3.3 enable
2025-03-11T15:05:08.232Z - log: [Package] shortcuts@1.0.1 enable
2025-03-11T15:05:08.302Z - log: [Package] animation-graph@1.0.0 enable
2025-03-11T15:05:08.356Z - log: [Package] about@1.0.0 enable
2025-03-11T15:05:08.410Z - log: [Package] assets@1.0.0 enable
2025-03-11T15:05:08.460Z - log: [Package] console@1.0.0 enable
2025-03-11T15:05:08.881Z - log: [Package] extension@3.0.16 enable
2025-03-11T15:05:08.930Z - log: [Package] hierarchy@1.0.0 enable
2025-03-11T15:05:08.984Z - log: [Package] inspector@1.0.0 enable
2025-03-11T15:05:09.027Z - log: [Package] lightmap@1.0.4 enable
2025-03-11T15:05:09.866Z - log: [Package] localization-editor@1.0.0 enable
2025-03-11T15:05:09.887Z - log: [Build-plugin] register pkg localization-editor: 14.42ms
2025-03-11T15:05:09.939Z - log: [Package] node-library@1.0.1 enable
2025-03-11T15:05:09.969Z - log: [Package] package-asset@1.0.0 enable
2025-03-11T15:05:10.013Z - log: [Package] process@1.0.0 enable
2025-03-11T15:05:10.098Z - log: [Package] reference-image@1.0.0 enable
2025-03-11T15:05:10.127Z - log: [Package] alipay-mini-game@1.0.1 enable
2025-03-11T15:05:10.131Z - log: [Build-plugin] register pkg alipay-mini-game: 4.112ms
2025-03-11T15:05:10.158Z - log: [Package] android@1.0.1 enable
2025-03-11T15:05:10.184Z - log: [Build-plugin] register pkg android: 25.895ms
2025-03-11T15:05:10.319Z - log: [Package] baidu-mini-game@1.0.1 enable
2025-03-11T15:05:10.332Z - log: [Build-plugin] register pkg baidu-mini-game: 12.157ms
2025-03-11T15:05:10.380Z - log: [Package] bytedance-mini-game@1.0.2 enable
2025-03-11T15:05:10.389Z - log: [Build-plugin] register pkg bytedance-mini-game: 8.557ms
2025-03-11T15:05:10.414Z - log: [Package] certificate@1.0.0 enable
2025-03-11T15:05:10.441Z - log: [Package] channel-upload-tools@1.0.0 enable
2025-03-11T15:05:10.466Z - log: [Package] cocos-play@1.0.1 enable
2025-03-11T15:05:10.482Z - log: [Build-plugin] register pkg cocos-play: 15.223ms
2025-03-11T15:05:10.506Z - log: [Package] huawei-agc@1.0.0 enable
2025-03-11T15:05:10.519Z - log: [Build-plugin] register pkg huawei-agc: 12.28ms
2025-03-11T15:05:10.543Z - log: [Package] huawei-quick-game@1.0.1 enable
2025-03-11T15:05:10.557Z - log: [Build-plugin] register pkg huawei-quick-game: 13.807ms
2025-03-11T15:05:10.588Z - log: [Package] ios@1.0.0 enable
2025-03-11T15:05:10.601Z - log: [Build-plugin] register pkg ios: 12.572ms
2025-03-11T15:05:10.627Z - log: [Package] linux@1.0.0 enable
2025-03-11T15:05:10.631Z - log: [Build-plugin] register pkg linux: 2.562ms
2025-03-11T15:05:10.655Z - log: [Package] mac@1.0.0 enable
2025-03-11T15:05:10.670Z - log: [Build-plugin] register pkg mac: 14.832ms
2025-03-11T15:05:10.918Z - log: [Package] native@1.0.2 enable
2025-03-11T15:05:10.944Z - log: [Build-plugin] register pkg native: 26.117ms
2025-03-11T15:05:10.950Z - log: [Package] ohos@1.0.0 enable
2025-03-11T15:05:10.967Z - log: [Build-plugin] register pkg ohos: 15.95ms
2025-03-11T15:05:10.968Z - warn: 
2025-03-11T15:05:10.969Z - warn: 
2025-03-11T15:05:10.970Z - warn: 
2025-03-11T15:05:10.994Z - log: [Package] open-harmonyos@1.0.0 enable
2025-03-11T15:05:10.999Z - log: [Build-plugin] register pkg open-harmonyos: 3.513ms
2025-03-11T15:05:11.022Z - log: [Package] oppo-mini-game@1.0.1 enable
2025-03-11T15:05:11.039Z - log: [Build-plugin] register pkg oppo-mini-game: 16.027ms
2025-03-11T15:05:11.063Z - log: [Package] runtime-dev-tools@1.0.0 enable
2025-03-11T15:05:11.087Z - log: [Package] taobao-creative-app@1.0.0 enable
2025-03-11T15:05:11.099Z - log: [Build-plugin] register pkg taobao-creative-app: 11.356ms
2025-03-11T15:05:11.123Z - log: [Package] vivo-mini-game@1.0.1 enable
2025-03-11T15:05:11.136Z - log: [Build-plugin] register pkg vivo-mini-game: 12.921ms
2025-03-11T15:05:11.209Z - log: [Package] web-desktop@1.0.1 enable
2025-03-11T15:05:11.223Z - log: [Build-plugin] register pkg web-desktop: 11.842ms
2025-03-11T15:05:11.270Z - log: [Package] web-mobile@1.0.1 enable
2025-03-11T15:05:11.297Z - log: [Build-plugin] register pkg web-mobile: 25.064ms
2025-03-11T15:05:11.342Z - log: [Package] wechatgame@1.0.2 enable
2025-03-11T15:05:11.357Z - log: [Build-plugin] register pkg wechatgame: 14.429ms
2025-03-11T15:05:11.376Z - log: [Package] windows@1.0.1 enable
2025-03-11T15:05:11.395Z - log: [Build-plugin] register pkg windows: 18.595ms
2025-03-11T15:05:11.422Z - log: [Package] xiaomi-quick-game@1.0.1 enable
2025-03-11T15:05:11.437Z - log: [Build-plugin] register pkg xiaomi-quick-game: 14.259ms
2025-03-11T15:05:12.041Z - log: [Package] cocos-service@3.0.5 enable
2025-03-11T15:05:12.049Z - log: [Build-plugin] register pkg cocos-service: 5.416ms
2025-03-11T15:05:12.088Z - log: [Package] importer@1.1.0 enable
2025-03-11T15:05:12.756Z - log: [Im-plugin] Check im-plugin version.
2025-03-11T15:05:12.785Z - log: [Package] im-plugin@3.0.9 enable
2025-03-11T15:05:13.609Z - log: [Im-plugin] No online info of im-plugin.
2025-03-11T15:05:22.738Z - log: [Scene] Please specifiy a default value for "cc.EditorExtendable.__editorExtras__" property at its declaration:

 
// Before:
@property(...)
myProp;
// After:
@property(...)
myProp = 0;
2025-03-11T15:05:22.783Z - log: [Scene] Please specifiy a default value for "CCPropertyOverrideInfo.value" property at its declaration:

 
// Before:
@property(...)
myProp;
// After:
@property(...)
myProp = 0;
2025-03-11T15:05:22.785Z - log: [Scene] Please specifiy a default value for "cc.PrefabInfo.asset" property at its declaration:

 
// Before:
@property(...)
myProp;
// After:
@property(...)
myProp = 0;
2025-03-11T15:05:22.786Z - log: [Scene] Please specifiy a default value for "cc.PrefabInfo.nestedPrefabInstanceRoots" property at its declaration:

 
// Before:
@property(...)
myProp;
// After:
@property(...)
myProp = 0;
2025-03-11T15:05:22.795Z - log: [Scene] The 'default' attribute of 'ColorDesc.beginAccesses' must be an array
2025-03-11T15:05:22.795Z - log: [Scene] The 'default' attribute of 'ColorDesc.endAccesses' must be an array
2025-03-11T15:05:22.821Z - log: [Scene] Please specifiy a default value for "cc.animation.TrackBinding.proxy" property at its declaration:

 
// Before:
@property(...)
myProp;
// After:
@property(...)
myProp = 0;
2025-03-11T15:05:22.821Z - log: [Scene] Please specifiy a default value for "cc.animation.Channel._curve" property at its declaration:

 
// Before:
@property(...)
myProp;
// After:
@property(...)
myProp = 0;
2025-03-11T15:05:22.822Z - log: [Scene] Please specifiy a default value for "cc.animation.SingleChannelTrack._channel" property at its declaration:

 
// Before:
@property(...)
myProp;
// After:
@property(...)
myProp = 0;
2025-03-11T15:05:22.823Z - log: [Scene] Please specifiy a default value for "cc.animation.VectorTrack._channels" property at its declaration:

 
// Before:
@property(...)
myProp;
// After:
@property(...)
myProp = 0;
2025-03-11T15:05:22.824Z - log: [Scene] Please specifiy a default value for "cc.animation.ColorTrack._channels" property at its declaration:

 
// Before:
@property(...)
myProp;
// After:
@property(...)
myProp = 0;
2025-03-11T15:05:22.824Z - log: [Scene] Please specifiy a default value for "cc.animation.SizeTrack._channels" property at its declaration:

 
// Before:
@property(...)
myProp;
// After:
@property(...)
myProp = 0;
2025-03-11T15:05:22.825Z - log: [Scene] Please specifiy a default value for "cc.animation.Transition.from" property at its declaration:

 
// Before:
@property(...)
myProp;
// After:
@property(...)
myProp = 0;
2025-03-11T15:05:22.825Z - log: [Scene] Please specifiy a default value for "cc.animation.Transition.to" property at its declaration:

 
// Before:
@property(...)
myProp;
// After:
@property(...)
myProp = 0;
2025-03-11T15:05:22.826Z - log: [Scene] Please specifiy a default value for "cc.animation.StateMachine._entryState" property at its declaration:

 
// Before:
@property(...)
myProp;
// After:
@property(...)
myProp = 0;
2025-03-11T15:05:22.826Z - log: [Scene] Please specifiy a default value for "cc.animation.StateMachine._exitState" property at its declaration:

 
// Before:
@property(...)
myProp;
// After:
@property(...)
myProp = 0;
2025-03-11T15:05:22.826Z - log: [Scene] Please specifiy a default value for "cc.animation.StateMachine._anyState" property at its declaration:

 
// Before:
@property(...)
myProp;
// After:
@property(...)
myProp = 0;
2025-03-11T15:05:22.826Z - log: [Scene] Please specifiy a default value for "cc.animation.Layer._stateMachine" property at its declaration:

 
// Before:
@property(...)
myProp;
// After:
@property(...)
myProp = 0;
2025-03-11T15:05:22.829Z - log: [Scene] Please specifiy a default value for "cc.animation.ExoticVectorLikeTrackValues._values" property at its declaration:

 
// Before:
@property(...)
myProp;
// After:
@property(...)
myProp = 0;
2025-03-11T15:05:22.829Z - log: [Scene] Please specifiy a default value for "cc.animation.ExoticVectorLikeTrackValues._isQuantized" property at its declaration:

 
// Before:
@property(...)
myProp;
// After:
@property(...)
myProp = 0;
2025-03-11T15:05:22.829Z - log: [Scene] Please specifiy a default value for "cc.animation.ExoticTrack.times" property at its declaration:

 
// Before:
@property(...)
myProp;
// After:
@property(...)
myProp = 0;
2025-03-11T15:05:22.829Z - log: [Scene] Please specifiy a default value for "cc.animation.ExoticTrack.values" property at its declaration:

 
// Before:
@property(...)
myProp;
// After:
@property(...)
myProp = 0;
2025-03-11T15:05:22.830Z - log: [Scene] Please specifiy a default value for "cc.animation.QuantizedFloatArray.originalPrecision" property at its declaration:

 
// Before:
@property(...)
myProp;
// After:
@property(...)
myProp = 0;
2025-03-11T15:05:22.830Z - log: [Scene] Please specifiy a default value for "cc.animation.QuantizedFloatArray.min" property at its declaration:

 
// Before:
@property(...)
myProp;
// After:
@property(...)
myProp = 0;
2025-03-11T15:05:22.830Z - log: [Scene] Please specifiy a default value for "cc.animation.QuantizedFloatArray.extent" property at its declaration:

 
// Before:
@property(...)
myProp;
// After:
@property(...)
myProp = 0;
2025-03-11T15:05:22.830Z - log: [Scene] Please specifiy a default value for "cc.animation.QuantizedFloatArray.values" property at its declaration:

 
// Before:
@property(...)
myProp;
// After:
@property(...)
myProp = 0;
2025-03-11T15:05:22.898Z - log: [Scene] 'cc.ParticleSystem2D.color' hides inherited property 'cc.UIRenderer.color'. To make the current property override that implementation, add the `override: true` attribute please.
2025-03-11T15:05:22.990Z - log: [Scene] No needs to indicate the 'cc.Boolean' attribute for "cc.Terrain._receiveShadow", which its default value is type of Boolean.
2025-03-11T15:05:22.990Z - log: [Scene] No needs to indicate the 'cc.Boolean' attribute for "cc.Terrain._useNormalmap", which its default value is type of Boolean.
2025-03-11T15:05:22.991Z - log: [Scene] No needs to indicate the 'cc.Boolean' attribute for "cc.Terrain._usePBR", which its default value is type of Boolean.
2025-03-11T15:05:22.991Z - log: [Scene] No needs to indicate the 'cc.Boolean' attribute for "cc.Terrain._lodEnable", which its default value is type of Boolean.
2025-03-11T15:05:22.998Z - log: [Scene] Can not declare sp.Skeleton._updateBuiltinMaterial, it is already defined in the prototype of sp.Skeleton
2025-03-11T15:05:22.998Z - log: [Scene] Can not declare sp.Skeleton.updateMaterial, it is already defined in the prototype of sp.Skeleton
2025-03-11T15:05:23.007Z - log: [Scene] Can not declare dragonBones.ArmatureDisplay._updateBuiltinMaterial, it is already defined in the prototype of dragonBones.ArmatureDisplay
2025-03-11T15:05:23.007Z - log: [Scene] Can not declare dragonBones.ArmatureDisplay.updateMaterial, it is already defined in the prototype of dragonBones.ArmatureDisplay
2025-03-11T15:05:23.178Z - info: [Scene] [Physics][Bullet]: Using asmjs Bullet libs.
2025-03-11T15:05:23.196Z - info: [Scene] [PHYSICS]: using builtin.
2025-03-11T15:05:23.447Z - log: [Scene] Cocos Creator v3.6.3
2025-03-11T15:05:23.448Z - info: [Scene] Forward render pipeline initialized.
2025-03-11T15:05:23.680Z - info: [Scene] [PHYSICS]: switch from builtin to bullet.
2025-03-11T15:08:27.023Z - warn: Metrics: no valid info
